28-Mar 19:31 - INFO - session.py - get_session - retrieving sessionToken
28-Mar 19:31 - INFO - session.py - login_session - logging in
28-Mar 19:31 - INFO - session.py - get_status - retrieving login status
28-Mar 19:31 - INFO - session.py - login_session - logging in
28-Mar 19:31 - INFO - session.py - <module> - new session attempt: SUCCESS
28-Mar 19:31 - INFO - session.py - get_session - retrieving sessionToken
28-Mar 19:31 - INFO - session.py - login_session - logging in
28-Mar 19:31 - INFO - session.py - get_status - retrieving login status
28-Mar 19:31 - INFO - session.py - login_session - logging in
28-Mar 19:31 - INFO - stream.py - <module> - new session attempt: SUCCESS
28-Mar 19:34 - INFO - session.py - get_session - retrieving sessionToken
28-Mar 19:34 - INFO - session.py - login_session - logging in
28-Mar 19:34 - INFO - session.py - get_status - retrieving login status
28-Mar 19:34 - INFO - session.py - login_session - logging in
28-Mar 19:34 - INFO - session.py - <module> - new session attempt: SUCCESS
28-Mar 19:34 - INFO - session.py - get_session - retrieving sessionToken
28-Mar 19:34 - INFO - session.py - login_session - logging in
28-Mar 19:34 - INFO - session.py - get_status - retrieving login status
28-Mar 19:34 - INFO - session.py - login_session - logging in
28-Mar 19:34 - INFO - stream.py - <module> - new session attempt: SUCCESS
28-Mar 19:37 - INFO - session.py - get_session - retrieving sessionToken
28-Mar 19:37 - INFO - session.py - login_session - logging in
28-Mar 19:37 - INFO - session.py - get_status - retrieving login status
28-Mar 19:37 - INFO - session.py - login_session - logging in
28-Mar 19:37 - INFO - session.py - <module> - new session attempt: SUCCESS
28-Mar 19:37 - INFO - session.py - get_session - retrieving sessionToken
28-Mar 19:37 - INFO - session.py - login_session - logging in
28-Mar 19:37 - INFO - session.py - get_status - retrieving login status
28-Mar 19:37 - INFO - session.py - login_session - logging in
28-Mar 19:37 - INFO - stream.py - <module> - new session attempt: SUCCESS
28-Mar 19:38 - INFO - session.py - get_session - retrieving sessionToken
28-Mar 19:38 - INFO - session.py - login_session - logging in
28-Mar 19:38 - INFO - session.py - get_status - retrieving login status
28-Mar 19:38 - INFO - session.py - login_session - logging in
28-Mar 19:38 - INFO - session.py - <module> - new session attempt: SUCCESS
28-Mar 19:38 - INFO - session.py - get_session - retrieving sessionToken
28-Mar 19:38 - INFO - session.py - login_session - logging in
28-Mar 19:38 - INFO - session.py - get_status - retrieving login status
28-Mar 19:38 - INFO - session.py - login_session - logging in
28-Mar 19:38 - INFO - stream.py - <module> - new session attempt: SUCCESS
28-Mar 19:38 - INFO - session.py - get_session - retrieving sessionToken
28-Mar 19:38 - INFO - session.py - login_session - logging in
28-Mar 19:38 - INFO - session.py - get_status - retrieving login status
28-Mar 19:38 - INFO - session.py - login_session - logging in
28-Mar 19:38 - INFO - session.py - <module> - new session attempt: SUCCESS
28-Mar 19:38 - INFO - session.py - get_session - retrieving sessionToken
28-Mar 19:38 - INFO - session.py - login_session - logging in
28-Mar 19:38 - INFO - session.py - get_status - retrieving login status
28-Mar 19:38 - INFO - session.py - login_session - logging in
28-Mar 19:38 - INFO - stream.py - <module> - new session attempt: SUCCESS
